<?xml version="1.0" encoding="utf-8"?><testsuites name="pytest tests"><testsuite name="pytest" errors="0" failures="0" skipped="0" tests="8" time="6.341" timestamp="2026-05-28T12:33:40.804826+00:00" hostname="agent-env-349e847e-3e82-4c97-8260-ba0d350c9848"><testcase classname="backend.tests.backend_test.TestHealth" name="test_root" time="1.587" /><testcase classname="backend.tests.backend_test.TestContact" name="test_submit_valid_contact_persists" time="0.099" /><testcase classname="backend.tests.backend_test.TestContact" name="test_invalid_email_rejected" time="0.046" /><testcase classname="backend.tests.backend_test.TestContact" name="test_missing_required_fields" time="0.046" /><testcase classname="backend.tests.backend_test.TestContact" name="test_list_contacts" time="0.048" /><testcase classname="backend.tests.backend_test.TestChat" name="test_empty_message_returns_400" time="0.061" /><testcase classname="backend.tests.backend_test.TestChat" name="test_chat_returns_meaningful_reply" time="1.312" /><testcase classname="backend.tests.backend_test.TestChat" name="test_chat_multi_turn_context" time="2.854" /></testsuite></testsuites>